# JRE version: OpenJDK Runtime Environment (8.0_152-b01) (build 1.8.0_152-release-1343-b01)
# Java VM: OpenJDK 64-Bit Server VM (25.152-b01 mixed mode windows-amd64 compressed oops)
Heap:
 PSYoungGen      total 142848K, used 78975K [0x00000000e0000000, 0x00000000ea500000, 0x0000000100000000)
  eden space 125440K, 62% used [0x00000000e0000000,0x00000000e4d1fdf8,0x00000000e7a80000)
  from space 17408K, 0% used [0x00000000e8c00000,0x00000000e8c00000,0x00000000e9d00000)
  to   space 17920K, 0% used [0x00000000e7a80000,0x00000000e7a80000,0x00000000e8c00000)
 ParOldGen       total 211456K, used 29136K [0x00000000a0000000, 0x00000000ace80000, 0x00000000e0000000)
  object space 211456K, 13% used [0x00000000a0000000,0x00000000a1c74278,0x00000000ace80000)
 Metaspace       used 60940K, capacity 62804K, committed 63000K, reserved 1103872K
  class space    used 8303K, capacity 8724K, committed 8728K, reserved 1048576K
GC Heap History (10 events):
Event: 6.216 GC heap before
{Heap before GC invocations=9 (full 2):
 PSYoungGen      total 93696K, used 81920K [0x00000000e0000000, 0x00000000e6a00000, 0x0000000100000000)
  eden space 81920K, 100% used [0x00000000e0000000,0x00000000e5000000,0x00000000e5000000)
  from space 11776K, 0% used [0x00000000e5e80000,0x00000000e5e80000,0x00000000e6a00000)
  to   space 13312K, 0% used [0x00000000e5000000,0x00000000e5000000,0x00000000e5d00000)
 ParOldGen       total 211456K, used 17635K [0x00000000a0000000, 0x00000000ace80000, 0x00000000e0000000)
  object space 211456K, 8% used [0x00000000a0000000,0x00000000a1138c48,0x00000000ace80000)
 Metaspace       used 43942K, capacity 44956K, committed 45096K, reserved 1087488K
  class space    used 5909K, capacity 6163K, committed 6184K, reserved 1048576K
Event: 6.222 GC heap after
Heap after GC invocations=9 (full 2):
 PSYoungGen      total 95232K, used 12894K [0x00000000e0000000, 0x00000000e8180000, 0x0000000100000000)
  eden space 81920K, 0% used [0x00000000e0000000,0x00000000e0000000,0x00000000e5000000)
  from space 13312K, 96% used [0x00000000e5000000,0x00000000e5c97b18,0x00000000e5d00000)
  to   space 14336K, 0% used [0x00000000e7380000,0x00000000e7380000,0x00000000e8180000)
 ParOldGen       total 211456K, used 17643K [0x00000000a0000000, 0x00000000ace80000, 0x00000000e0000000)
  object space 211456K, 8% used [0x00000000a0000000,0x00000000a113ac48,0x00000000ace80000)
 Metaspace       used 43942K, capacity 44956K, committed 45096K, reserved 1087488K
  class space    used 5909K, capacity 6163K, committed 6184K, reserved 1048576K
}
Event: 6.868 GC heap before
{Heap before GC invocations=10 (full 2):
 PSYoungGen      total 95232K, used 94814K [0x00000000e0000000, 0x00000000e8180000, 0x0000000100000000)
  eden space 81920K, 100% used [0x00000000e0000000,0x00000000e5000000,0x00000000e5000000)
  from space 13312K, 96% used [0x00000000e5000000,0x00000000e5c97b18,0x00000000e5d00000)
  to   space 14336K, 0% used [0x00000000e7380000,0x00000000e7380000,0x00000000e8180000)
 ParOldGen       total 211456K, used 17643K [0x00000000a0000000, 0x00000000ace80000, 0x00000000e0000000)
  object space 211456K, 8% used [0x00000000a0000000,0x00000000a113ac48,0x00000000ace80000)
 Metaspace       used 50611K, capacity 51880K, committed 52264K, reserved 1093632K
  class space    used 6803K, capacity 7120K, committed 7208K, reserved 1048576K
Event: 6.877 GC heap after
Heap after GC invocations=10 (full 2):
 PSYoungGen      total 117248K, used 12738K [0x00000000e0000000, 0x00000000e8700000, 0x0000000100000000)
  eden space 102912K, 0% used [0x00000000e0000000,0x00000000e0000000,0x00000000e6480000)
  from space 14336K, 88% used [0x00000000e7380000,0x00000000e7ff0918,0x00000000e8180000)
  to   space 15360K, 0% used [0x00000000e6480000,0x00000000e6480000,0x00000000e7380000)
 ParOldGen       total 211456K, used 17715K [0x00000000a0000000, 0x00000000ace80000, 0x00000000e0000000)
  object space 211456K, 8% used [0x00000000a0000000,0x00000000a114cc58,0x00000000ace80000)
 Metaspace       used 50611K, capacity 51880K, committed 52264K, reserved 1093632K
  class space    used 6803K, capacity 7120K, committed 7208K, reserved 1048576K
}
Event: 7.371 GC heap before
{Heap before GC invocations=11 (full 2):
 PSYoungGen      total 117248K, used 115650K [0x00000000e0000000, 0x00000000e8700000, 0x0000000100000000)
  eden space 102912K, 100% used [0x00000000e0000000,0x00000000e6480000,0x00000000e6480000)
  from space 14336K, 88% used [0x00000000e7380000,0x00000000e7ff0918,0x00000000e8180000)
  to   space 15360K, 0% used [0x00000000e6480000,0x00000000e6480000,0x00000000e7380000)
 ParOldGen       total 211456K, used 17715K [0x00000000a0000000, 0x00000000ace80000, 0x00000000e0000000)
  object space 211456K, 8% used [0x00000000a0000000,0x00000000a114cc58,0x00000000ace80000)
 Metaspace       used 55515K, capacity 57026K, committed 57256K, reserved 1099776K
  class space    used 7427K, capacity 7799K, committed 7848K, reserved 1048576K
Event: 7.381 GC heap after
Heap after GC invocations=11 (full 2):
 PSYoungGen      total 118272K, used 15355K [0x00000000e0000000, 0x00000000e9d00000, 0x0000000100000000)
  eden space 102912K, 0% used [0x00000000e0000000,0x00000000e0000000,0x00000000e6480000)
  from space 15360K, 99% used [0x00000000e6480000,0x00000000e737ecb8,0x00000000e7380000)
  to   space 17408K, 0% used [0x00000000e8c00000,0x00000000e8c00000,0x00000000e9d00000)
 ParOldGen       total 211456K, used 19523K [0x00000000a0000000, 0x00000000ace80000, 0x00000000e0000000)
  object space 211456K, 9% used [0x00000000a0000000,0x00000000a1310dc0,0x00000000ace80000)
 Metaspace       used 55515K, capacity 57026K, committed 57256K, reserved 1099776K
  class space    used 7427K, capacity 7799K, committed 7848K, reserved 1048576K
}
Event: 7.633 GC heap before
{Heap before GC invocations=12 (full 2):
 PSYoungGen      total 118272K, used 39068K [0x00000000e0000000, 0x00000000e9d00000, 0x0000000100000000)
  eden space 102912K, 23% used [0x00000000e0000000,0x00000000e17283c8,0x00000000e6480000)
  from space 15360K, 99% used [0x00000000e6480000,0x00000000e737ecb8,0x00000000e7380000)
  to   space 17408K, 0% used [0x00000000e8c00000,0x00000000e8c00000,0x00000000e9d00000)
 ParOldGen       total 211456K, used 19523K [0x00000000a0000000, 0x00000000ace80000, 0x00000000e0000000)
  object space 211456K, 9% used [0x00000000a0000000,0x00000000a1310dc0,0x00000000ace80000)
 Metaspace       used 57469K, capacity 59010K, committed 59160K, reserved 1099776K
  class space    used 7729K, capacity 8109K, committed 8216K, reserved 1048576K
Event: 7.643 GC heap after
Heap after GC invocations=12 (full 2):
 PSYoungGen      total 142848K, used 13929K [0x00000000e0000000, 0x00000000ea500000, 0x0000000100000000)
  eden space 125440K, 0% used [0x00000000e0000000,0x00000000e0000000,0x00000000e7a80000)
  from space 17408K, 80% used [0x00000000e8c00000,0x00000000e999a620,0x00000000e9d00000)
  to   space 17920K, 0% used [0x00000000e7a80000,0x00000000e7a80000,0x00000000e8c00000)
 ParOldGen       total 211456K, used 19531K [0x00000000a0000000, 0x00000000ace80000, 0x00000000e0000000)
  object space 211456K, 9% used [0x00000000a0000000,0x00000000a1312dc0,0x00000000ace80000)
 Metaspace       used 57469K, capacity 59010K, committed 59160K, reserved 1099776K
  class space    used 7729K, capacity 8109K, committed 8216K, reserved 1048576K
}
Event: 7.643 GC heap before
{Heap before GC invocations=13 (full 3):
 PSYoungGen      total 142848K, used 13929K [0x00000000e0000000, 0x00000000ea500000, 0x0000000100000000)
  eden space 125440K, 0% used [0x00000000e0000000,0x00000000e0000000,0x00000000e7a80000)
  from space 17408K, 80% used [0x00000000e8c00000,0x00000000e999a620,0x00000000e9d00000)
  to   space 17920K, 0% used [0x00000000e7a80000,0x00000000e7a80000,0x00000000e8c00000)
 ParOldGen       total 211456K, used 19531K [0x00000000a0000000, 0x00000000ace80000, 0x00000000e0000000)
  object space 211456K, 9% used [0x00000000a0000000,0x00000000a1312dc0,0x00000000ace80000)
 Metaspace       used 57469K, capacity 59010K, committed 59160K, reserved 1099776K
  class space    used 7729K, capacity 8109K, committed 8216K, reserved 1048576K
Event: 7.812 GC heap after
Heap after GC invocations=13 (full 3):
 PSYoungGen      total 142848K, used 0K [0x00000000e0000000, 0x00000000ea500000, 0x0000000100000000)
  eden space 125440K, 0% used [0x00000000e0000000,0x00000000e0000000,0x00000000e7a80000)
  from space 17408K, 0% used [0x00000000e8c00000,0x00000000e8c00000,0x00000000e9d00000)
  to   space 17920K, 0% used [0x00000000e7a80000,0x00000000e7a80000,0x00000000e8c00000)
 ParOldGen       total 211456K, used 29136K [0x00000000a0000000, 0x00000000ace80000, 0x00000000e0000000)
  object space 211456K, 13% used [0x00000000a0000000,0x00000000a1c74278,0x00000000ace80000)
 Metaspace       used 57469K, capacity 59010K, committed 59160K, reserved 1099776K
  class space    used 7729K, capacity 8109K, committed 8216K, reserved 1048576K
}

